<?xml version="1.0" encoding="UTF-8"?>
<!-- Generated by org.testng.reporters.JUnitReportReporter -->
<testsuite hostname="DESKTOP-MV11GS7" name="Testcases.testing" tests="1" failures="0" timestamp="11 Aug 2016 13:05:06 GMT" time="0.009" errors="0">
  <testcase name="Testingpro" time="0.009" classname="Testcases.testing"/>
</testsuite> <!-- Testcases.testing -->
